[debug] [2021-09-16T14:13:26.984Z] ----------------------------------------------------------------------
[debug] [2021-09-16T14:13:26.986Z] Command:       /usr/local/bin/node /usr/local/bin/firebase init hosting
[debug] [2021-09-16T14:13:26.987Z] CLI Version:   9.18.0
[debug] [2021-09-16T14:13:26.987Z] Platform:      darwin
[debug] [2021-09-16T14:13:26.987Z] Node Version:  v15.5.0
[debug] [2021-09-16T14:13:26.988Z] Time:          Thu Sep 16 2021 16:13:26 GMT+0200 (hora de verano de Europa central)
[debug] [2021-09-16T14:13:26.988Z] ----------------------------------------------------------------------
[debug] 
[debug] [2021-09-16T14:13:26.995Z] > command requires scopes: ["email","openid","https://www.googleapis.com/auth/cloudplatformprojects.readonly","https://www.googleapis.com/auth/firebase","https://www.googleapis.com/auth/cloud-platform"]
[debug] [2021-09-16T14:13:26.995Z] > authorizing via signed-in user (vm.moralesruiz@gmail.com)
[info] 
     ######## #### ########  ######## ########     ###     ######  ########
     ##        ##  ##     ## ##       ##     ##  ##   ##  ##       ##
     ######    ##  ########  ######   ########  #########  ######  ######
     ##        ##  ##    ##  ##       ##     ## ##     ##       ## ##
     ##       #### ##     ## ######## ########  ##     ##  ######  ########

You're about to initialize a Firebase project in this directory:

  /Users/victor/udemy/proyectos/proyectonext

[info] 
=== Project Setup
[info] 
[info] First, let's associate this project directory with a Firebase project.
[info] You can create multiple project aliases by running firebase use --add, 
[info] but for now we'll just set up a default project.
[info] 
